Traceback (most recent call last):
  File "/srv/conda/envs/notebook/lib/python3.8/site-packages/jupyter_cache/executors/utils.py", line 51, in single_nb_execution
    executenb(
  File "/srv/conda/envs/notebook/lib/python3.8/site-packages/nbclient/client.py", line 1107, in execute
    return NotebookClient(nb=nb, resources=resources, km=km, **kwargs).execute()
  File "/srv/conda/envs/notebook/lib/python3.8/site-packages/nbclient/util.py", line 74, in wrapped
    return just_run(coro(*args, **kwargs))
  File "/srv/conda/envs/notebook/lib/python3.8/site-packages/nbclient/util.py", line 53, in just_run
    return loop.run_until_complete(coro)
  File "/srv/conda/envs/notebook/lib/python3.8/asyncio/base_events.py", line 616, in run_until_complete
    return future.result()
  File "/srv/conda/envs/notebook/lib/python3.8/site-packages/nbclient/client.py", line 553, in async_execute
    await self.async_execute_cell(
  File "/srv/conda/envs/notebook/lib/python3.8/site-packages/nbclient/client.py", line 852, in async_execute_cell
    self._check_raise_for_error(cell, exec_reply)
  File "/srv/conda/envs/notebook/lib/python3.8/site-packages/nbclient/client.py", line 760, in _check_raise_for_error
    raise CellExecutionError.from_cell_and_msg(cell, exec_reply_content)
nbclient.exceptions.CellExecutionError: An error occurred while executing the following cell:
------------------
# Open airborne TIR mosaic NetCDF file
ds = xr.open_dataset('/tmp/thermal-ir/SNOWEX2020_IR_PLANE_2020Feb08_mosaicked_APLUW.nc',
                     decode_times=False) # set decode_times to False
------------------

[0;31m---------------------------------------------------------------------------[0m
[0;31mKeyError[0m                                  Traceback (most recent call last)
[0;32m/srv/conda/envs/notebook/lib/python3.8/site-packages/xarray/backends/file_manager.py[0m in [0;36m_acquire_with_cache_info[0;34m(self, needs_lock)[0m
[1;32m    198[0m             [0;32mtry[0m[0;34m:[0m[0;34m[0m[0;34m[0m[0m
[0;32m--> 199[0;31m                 [0mfile[0m [0;34m=[0m [0mself[0m[0;34m.[0m[0m_cache[0m[0;34m[[0m[0mself[0m[0;34m.[0m[0m_key[0m[0;34m][0m[0;34m[0m[0;34m[0m[0m
[0m[1;32m    200[0m             [0;32mexcept[0m [0mKeyError[0m[0;34m:[0m[0;34m[0m[0;34m[0m[0m

[0;32m/srv/conda/envs/notebook/lib/python3.8/site-packages/xarray/backends/lru_cache.py[0m in [0;36m__getitem__[0;34m(self, key)[0m
[1;32m     52[0m         [0;32mwith[0m [0mself[0m[0;34m.[0m[0m_lock[0m[0;34m:[0m[0;34m[0m[0;34m[0m[0m
[0;32m---> 53[0;31m             [0mvalue[0m [0;34m=[0m [0mself[0m[0;34m.[0m[0m_cache[0m[0;34m[[0m[0mkey[0m[0;34m][0m[0;34m[0m[0;34m[0m[0m
[0m[1;32m     54[0m             [0mself[0m[0;34m.[0m[0m_cache[0m[0;34m.[0m[0mmove_to_end[0m[0;34m([0m[0mkey[0m[0;34m)[0m[0;34m[0m[0;34m[0m[0m

[0;31mKeyError[0m: [<class 'netCDF4._netCDF4.Dataset'>, ('/tmp/thermal-ir/SNOWEX2020_IR_PLANE_2020Feb08_mosaicked_APLUW.nc',), 'r', (('clobber', True), ('diskless', False), ('format', 'NETCDF4'), ('persist', False))]

During handling of the above exception, another exception occurred:

[0;31mFileNotFoundError[0m                         Traceback (most recent call last)
[0;32m<ipython-input-12-8c86531e18d0>[0m in [0;36m<module>[0;34m[0m
[1;32m      1[0m [0;31m# Open airborne TIR mosaic NetCDF file[0m[0;34m[0m[0;34m[0m[0;34m[0m[0m
[0;32m----> 2[0;31m ds = xr.open_dataset('/tmp/thermal-ir/SNOWEX2020_IR_PLANE_2020Feb08_mosaicked_APLUW.nc',
[0m[1;32m      3[0m                      decode_times=False) # set decode_times to False

[0;32m/srv/conda/envs/notebook/lib/python3.8/site-packages/xarray/backends/api.py[0m in [0;36mopen_dataset[0;34m(filename_or_obj, engine, chunks, cache, decode_cf, mask_and_scale, decode_times, decode_timedelta, use_cftime, concat_characters, decode_coords, drop_variables, backend_kwargs, *args, **kwargs)[0m
[1;32m    494[0m [0;34m[0m[0m
[1;32m    495[0m     [0moverwrite_encoded_chunks[0m [0;34m=[0m [0mkwargs[0m[0;34m.[0m[0mpop[0m[0;34m([0m[0;34m"overwrite_encoded_chunks"[0m[0;34m,[0m [0;32mNone[0m[0;34m)[0m[0;34m[0m[0;34m[0m[0m
[0;32m--> 496[0;31m     backend_ds = backend.open_dataset(
[0m[1;32m    497[0m         [0mfilename_or_obj[0m[0;34m,[0m[0;34m[0m[0;34m[0m[0m
[1;32m    498[0m         [0mdrop_variables[0m[0;34m=[0m[0mdrop_variables[0m[0;34m,[0m[0;34m[0m[0;34m[0m[0m

[0;32m/srv/conda/envs/notebook/lib/python3.8/site-packages/xarray/backends/netCDF4_.py[0m in [0;36mopen_dataset[0;34m(self, filename_or_obj, mask_and_scale, decode_times, concat_characters, decode_coords, drop_variables, use_cftime, decode_timedelta, group, mode, format, clobber, diskless, persist, lock, autoclose)[0m
[1;32m    547[0m [0;34m[0m[0m
[1;32m    548[0m         [0mfilename_or_obj[0m [0;34m=[0m [0m_normalize_path[0m[0;34m([0m[0mfilename_or_obj[0m[0;34m)[0m[0;34m[0m[0;34m[0m[0m
[0;32m--> 549[0;31m         store = NetCDF4DataStore.open(
[0m[1;32m    550[0m             [0mfilename_or_obj[0m[0;34m,[0m[0;34m[0m[0;34m[0m[0m
[1;32m    551[0m             [0mmode[0m[0;34m=[0m[0mmode[0m[0;34m,[0m[0;34m[0m[0;34m[0m[0m

[0;32m/srv/conda/envs/notebook/lib/python3.8/site-packages/xarray/backends/netCDF4_.py[0m in [0;36mopen[0;34m(cls, filename, mode, format, group, clobber, diskless, persist, lock, lock_maker, autoclose)[0m
[1;32m    378[0m             [0mnetCDF4[0m[0;34m.[0m[0mDataset[0m[0;34m,[0m [0mfilename[0m[0;34m,[0m [0mmode[0m[0;34m=[0m[0mmode[0m[0;34m,[0m [0mkwargs[0m[0;34m=[0m[0mkwargs[0m[0;34m[0m[0;34m[0m[0m
[1;32m    379[0m         )
[0;32m--> 380[0;31m         [0;32mreturn[0m [0mcls[0m[0;34m([0m[0mmanager[0m[0;34m,[0m [0mgroup[0m[0;34m=[0m[0mgroup[0m[0;34m,[0m [0mmode[0m[0;34m=[0m[0mmode[0m[0;34m,[0m [0mlock[0m[0;34m=[0m[0mlock[0m[0;34m,[0m [0mautoclose[0m[0;34m=[0m[0mautoclose[0m[0;34m)[0m[0;34m[0m[0;34m[0m[0m
[0m[1;32m    381[0m [0;34m[0m[0m
[1;32m    382[0m     [0;32mdef[0m [0m_acquire[0m[0;34m([0m[0mself[0m[0;34m,[0m [0mneeds_lock[0m[0;34m=[0m[0;32mTrue[0m[0;34m)[0m[0;34m:[0m[0;34m[0m[0;34m[0m[0m

[0;32m/srv/conda/envs/notebook/lib/python3.8/site-packages/xarray/backends/netCDF4_.py[0m in [0;36m__init__[0;34m(self, manager, group, mode, lock, autoclose)[0m
[1;32m    326[0m         [0mself[0m[0;34m.[0m[0m_group[0m [0;34m=[0m [0mgroup[0m[0;34m[0m[0;34m[0m[0m
[1;32m    327[0m         [0mself[0m[0;34m.[0m[0m_mode[0m [0;34m=[0m [0mmode[0m[0;34m[0m[0;34m[0m[0m
[0;32m--> 328[0;31m         [0mself[0m[0;34m.[0m[0mformat[0m [0;34m=[0m [0mself[0m[0;34m.[0m[0mds[0m[0;34m.[0m[0mdata_model[0m[0;34m[0m[0;34m[0m[0m
[0m[1;32m    329[0m         [0mself[0m[0;34m.[0m[0m_filename[0m [0;34m=[0m [0mself[0m[0;34m.[0m[0mds[0m[0;34m.[0m[0mfilepath[0m[0;34m([0m[0;34m)[0m[0;34m[0m[0;34m[0m[0m
[1;32m    330[0m         [0mself[0m[0;34m.[0m[0mis_remote[0m [0;34m=[0m [0mis_remote_uri[0m[0;34m([0m[0mself[0m[0;34m.[0m[0m_filename[0m[0;34m)[0m[0;34m[0m[0;34m[0m[0m

[0;32m/srv/conda/envs/notebook/lib/python3.8/site-packages/xarray/backends/netCDF4_.py[0m in [0;36mds[0;34m(self)[0m
[1;32m    387[0m     [0;34m@[0m[0mproperty[0m[0;34m[0m[0;34m[0m[0m
[1;32m    388[0m     [0;32mdef[0m [0mds[0m[0;34m([0m[0mself[0m[0;34m)[0m[0;34m:[0m[0;34m[0m[0;34m[0m[0m
[0;32m--> 389[0;31m         [0;32mreturn[0m [0mself[0m[0;34m.[0m[0m_acquire[0m[0;34m([0m[0;34m)[0m[0;34m[0m[0;34m[0m[0m
[0m[1;32m    390[0m [0;34m[0m[0m
[1;32m    391[0m     [0;32mdef[0m [0mopen_store_variable[0m[0;34m([0m[0mself[0m[0;34m,[0m [0mname[0m[0;34m,[0m [0mvar[0m[0;34m)[0m[0;34m:[0m[0;34m[0m[0;34m[0m[0m

[0;32m/srv/conda/envs/notebook/lib/python3.8/site-packages/xarray/backends/netCDF4_.py[0m in [0;36m_acquire[0;34m(self, needs_lock)[0m
[1;32m    381[0m [0;34m[0m[0m
[1;32m    382[0m     [0;32mdef[0m [0m_acquire[0m[0;34m([0m[0mself[0m[0;34m,[0m [0mneeds_lock[0m[0;34m=[0m[0;32mTrue[0m[0;34m)[0m[0;34m:[0m[0;34m[0m[0;34m[0m[0m
[0;32m--> 383[0;31m         [0;32mwith[0m [0mself[0m[0;34m.[0m[0m_manager[0m[0;34m.[0m[0macquire_context[0m[0;34m([0m[0mneeds_lock[0m[0;34m)[0m [0;32mas[0m [0mroot[0m[0;34m:[0m[0;34m[0m[0;34m[0m[0m
[0m[1;32m    384[0m             [0mds[0m [0;34m=[0m [0m_nc4_require_group[0m[0;34m([0m[0mroot[0m[0;34m,[0m [0mself[0m[0;34m.[0m[0m_group[0m[0;34m,[0m [0mself[0m[0;34m.[0m[0m_mode[0m[0;34m)[0m[0;34m[0m[0;34m[0m[0m
[1;32m    385[0m         [0;32mreturn[0m [0mds[0m[0;34m[0m[0;34m[0m[0m

[0;32m/srv/conda/envs/notebook/lib/python3.8/contextlib.py[0m in [0;36m__enter__[0;34m(self)[0m
[1;32m    111[0m         [0;32mdel[0m [0mself[0m[0;34m.[0m[0margs[0m[0;34m,[0m [0mself[0m[0;34m.[0m[0mkwds[0m[0;34m,[0m [0mself[0m[0;34m.[0m[0mfunc[0m[0;34m[0m[0;34m[0m[0m
[1;32m    112[0m         [0;32mtry[0m[0;34m:[0m[0;34m[0m[0;34m[0m[0m
[0;32m--> 113[0;31m             [0;32mreturn[0m [0mnext[0m[0;34m([0m[0mself[0m[0;34m.[0m[0mgen[0m[0;34m)[0m[0;34m[0m[0;34m[0m[0m
[0m[1;32m    114[0m         [0;32mexcept[0m [0mStopIteration[0m[0;34m:[0m[0;34m[0m[0;34m[0m[0m
[1;32m    115[0m             [0;32mraise[0m [0mRuntimeError[0m[0;34m([0m[0;34m"generator didn't yield"[0m[0;34m)[0m [0;32mfrom[0m [0;32mNone[0m[0;34m[0m[0;34m[0m[0m

[0;32m/srv/conda/envs/notebook/lib/python3.8/site-packages/xarray/backends/file_manager.py[0m in [0;36macquire_context[0;34m(self, needs_lock)[0m
[1;32m    185[0m     [0;32mdef[0m [0macquire_context[0m[0;34m([0m[0mself[0m[0;34m,[0m [0mneeds_lock[0m[0;34m=[0m[0;32mTrue[0m[0;34m)[0m[0;34m:[0m[0;34m[0m[0;34m[0m[0m
[1;32m    186[0m         [0;34m"""Context manager for acquiring a file."""[0m[0;34m[0m[0;34m[0m[0m
[0;32m--> 187[0;31m         [0mfile[0m[0;34m,[0m [0mcached[0m [0;34m=[0m [0mself[0m[0;34m.[0m[0m_acquire_with_cache_info[0m[0;34m([0m[0mneeds_lock[0m[0;34m)[0m[0;34m[0m[0;34m[0m[0m
[0m[1;32m    188[0m         [0;32mtry[0m[0;34m:[0m[0;34m[0m[0;34m[0m[0m
[1;32m    189[0m             [0;32myield[0m [0mfile[0m[0;34m[0m[0;34m[0m[0m

[0;32m/srv/conda/envs/notebook/lib/python3.8/site-packages/xarray/backends/file_manager.py[0m in [0;36m_acquire_with_cache_info[0;34m(self, needs_lock)[0m
[1;32m    203[0m                     [0mkwargs[0m [0;34m=[0m [0mkwargs[0m[0;34m.[0m[0mcopy[0m[0;34m([0m[0;34m)[0m[0;34m[0m[0;34m[0m[0m
[1;32m    204[0m                     [0mkwargs[0m[0;34m[[0m[0;34m"mode"[0m[0;34m][0m [0;34m=[0m [0mself[0m[0;34m.[0m[0m_mode[0m[0;34m[0m[0;34m[0m[0m
[0;32m--> 205[0;31m                 [0mfile[0m [0;34m=[0m [0mself[0m[0;34m.[0m[0m_opener[0m[0;34m([0m[0;34m*[0m[0mself[0m[0;34m.[0m[0m_args[0m[0;34m,[0m [0;34m**[0m[0mkwargs[0m[0;34m)[0m[0;34m[0m[0;34m[0m[0m
[0m[1;32m    206[0m                 [0;32mif[0m [0mself[0m[0;34m.[0m[0m_mode[0m [0;34m==[0m [0;34m"w"[0m[0;34m:[0m[0;34m[0m[0;34m[0m[0m
[1;32m    207[0m                     [0;31m# ensure file doesn't get overriden when opened again[0m[0;34m[0m[0;34m[0m[0;34m[0m[0m

[0;32msrc/netCDF4/_netCDF4.pyx[0m in [0;36mnetCDF4._netCDF4.Dataset.__init__[0;34m()[0m

[0;32msrc/netCDF4/_netCDF4.pyx[0m in [0;36mnetCDF4._netCDF4._ensure_nc_success[0;34m()[0m

[0;31mFileNotFoundError[0m: [Errno 2] No such file or directory: b'/tmp/thermal-ir/SNOWEX2020_IR_PLANE_2020Feb08_mosaicked_APLUW.nc'
FileNotFoundError: [Errno 2] No such file or directory: b'/tmp/thermal-ir/SNOWEX2020_IR_PLANE_2020Feb08_mosaicked_APLUW.nc'

